[0.011s] Invoking command in '/home/yakki/DynaSLAM_LK/Examples/ROS2/build/ros2_orbslam': CMAKE_PREFIX_PATH=${CMAKE_PREFIX_PATH}:/opt/ros/foxy CONDA_PS1_BACKUP=\[\e]0;\u@\h: \w\a\]${debian_chroot:+($debian_chroot)}\[\033[01;32m\]\u@\h\[\033[00m\]:\[\033[01;34m\]\w\[\033[00m\]\$ PS1=(fastscnn2) \[\e]0;\u@\h: \w\a\]${debian_chroot:+($debian_chroot)}\[\033[01;32m\]\u@\h\[\033[00m\]:\[\033[01;34m\]\w\[\033[00m\]\$ /usr/bin/cmake --build /home/yakki/DynaSLAM_LK/Examples/ROS2/build/ros2_orbslam -- -j8 -l8
[0.030s] -- Found ament_cmake: 0.9.11 (/opt/ros/foxy/share/ament_cmake/cmake)
[0.046s] -- Using PYTHON_EXECUTABLE: /home/yakki/anaconda3/envs/fastscnn2/bin/python3
[0.166s] -- Found rclcpp: 2.4.2 (/opt/ros/foxy/share/rclcpp/cmake)
[0.190s] -- Using all available rosidl_typesupport_c: rosidl_typesupport_fastrtps_c;rosidl_typesupport_introspection_c
[0.193s] -- Found rosidl_adapter: 1.3.0 (/opt/ros/foxy/share/rosidl_adapter/cmake)
[0.280s] -- Using all available rosidl_typesupport_cpp: rosidl_typesupport_fastrtps_cpp;rosidl_typesupport_introspection_cpp
[0.317s] -- Found rmw_implementation_cmake: 1.0.4 (/opt/ros/foxy/share/rmw_implementation_cmake/cmake)
[0.318s] -- Using RMW implementation 'rmw_fastrtps_cpp' as default
[0.426s] -- Found sensor_msgs: 2.0.5 (/opt/ros/foxy/share/sensor_msgs/cmake)
[0.513s] -- Found cv_bridge: 3.0.7 (/opt/ros/foxy/share/cv_bridge/cmake)
[0.526s] -- Found message_filters: 3.2.5 (/opt/ros/foxy/share/message_filters/cmake)
[0.529s] ORB_SLAM2
[0.529s] DEFAULT_MSG
[0.529s] ORB_SLAM2_LIBRARY
[0.590s] -- Configuring done
[0.598s] CMake Warning at CMakeLists.txt:34 (add_executable):
[0.598s]   Cannot generate a safe runtime search path for target stereo because files
[0.598s]   in some directories may conflict with libraries in implicit directories:
[0.598s] 
[0.598s]     runtime library [libpng16.so.16] in /usr/lib/x86_64-linux-gnu may be hidden by files in:
[0.598s]       /home/yakki/anaconda3/envs/fastscnn2/lib
[0.598s]     runtime library [libz.so.1] in /usr/lib/x86_64-linux-gnu may be hidden by files in:
[0.598s]       /home/yakki/anaconda3/envs/fastscnn2/lib
[0.598s]     runtime library [libtiff.so.5] in /usr/lib/x86_64-linux-gnu may be hidden by files in:
[0.598s]       /home/yakki/anaconda3/envs/fastscnn2/lib
[0.599s]     runtime library [libzstd.so.1] in /usr/lib/x86_64-linux-gnu may be hidden by files in:
[0.599s]       /opt/ros/foxy/lib
[0.599s]       /home/yakki/anaconda3/envs/fastscnn2/lib
[0.599s] 
[0.599s]   Some of these libraries may not be found correctly.
[0.599s] 
[0.599s] 
[0.606s] CMake Warning at CMakeLists.txt:28 (add_executable):
[0.607s]   Cannot generate a safe runtime search path for target rgbd because files in
[0.607s]   some directories may conflict with libraries in implicit directories:
[0.607s] 
[0.607s]     runtime library [libpng16.so.16] in /usr/lib/x86_64-linux-gnu may be hidden by files in:
[0.607s]       /home/yakki/anaconda3/envs/fastscnn2/lib
[0.607s]     runtime library [libz.so.1] in /usr/lib/x86_64-linux-gnu may be hidden by files in:
[0.607s]       /home/yakki/anaconda3/envs/fastscnn2/lib
[0.607s]     runtime library [libtiff.so.5] in /usr/lib/x86_64-linux-gnu may be hidden by files in:
[0.607s]       /home/yakki/anaconda3/envs/fastscnn2/lib
[0.607s]     runtime library [libzstd.so.1] in /usr/lib/x86_64-linux-gnu may be hidden by files in:
[0.607s]       /opt/ros/foxy/lib
[0.607s]       /home/yakki/anaconda3/envs/fastscnn2/lib
[0.607s] 
[0.607s]   Some of these libraries may not be found correctly.
[0.607s] 
[0.607s] 
[0.615s] CMake Warning at CMakeLists.txt:21 (add_executable):
[0.615s]   Cannot generate a safe runtime search path for target mono because files in
[0.615s]   some directories may conflict with libraries in implicit directories:
[0.615s] 
[0.615s]     runtime library [libpng16.so.16] in /usr/lib/x86_64-linux-gnu may be hidden by files in:
[0.615s]       /home/yakki/anaconda3/envs/fastscnn2/lib
[0.615s]     runtime library [libz.so.1] in /usr/lib/x86_64-linux-gnu may be hidden by files in:
[0.615s]       /home/yakki/anaconda3/envs/fastscnn2/lib
[0.615s]     runtime library [libtiff.so.5] in /usr/lib/x86_64-linux-gnu may be hidden by files in:
[0.615s]       /home/yakki/anaconda3/envs/fastscnn2/lib
[0.615s]     runtime library [libzstd.so.1] in /usr/lib/x86_64-linux-gnu may be hidden by files in:
[0.615s]       /opt/ros/foxy/lib
[0.615s]       /home/yakki/anaconda3/envs/fastscnn2/lib
[0.616s] 
[0.616s]   Some of these libraries may not be found correctly.
[0.616s] 
[0.616s] 
[0.620s] -- Generating done
[0.621s] -- Build files have been written to: /home/yakki/DynaSLAM_LK/Examples/ROS2/build/ros2_orbslam
[0.661s] [ 33%] [32m[1mLinking CXX executable rgbd[0m
[0.661s] [ 33%] [32m[1mLinking CXX executable stereo[0m
[0.661s] [ 55%] Built target mono
[1.348s] /usr/bin/ld: warning: libopencv_core.so.4.2, needed by /opt/ros/foxy/lib/libcv_bridge.so, may conflict with libopencv_core.so.3.4
[1.348s] /usr/bin/ld: warning: libopencv_core.so.2.4, needed by /home/yakki/DynaSLAM_LK/Thirdparty/DBoW2/lib/libDBoW2.so, may conflict with libopencv_core.so.3.4
[1.356s] [ 77%] Built target rgbd
[1.366s] /usr/bin/ld: warning: libopencv_imgproc.so.4.2, needed by /opt/ros/foxy/lib/libcv_bridge.so, may conflict with libopencv_imgproc.so.3.4
[1.366s] /usr/bin/ld: warning: libopencv_core.so.4.2, needed by /opt/ros/foxy/lib/libcv_bridge.so, may conflict with libopencv_core.so.3.4
[1.366s] /usr/bin/ld: warning: libopencv_core.so.2.4, needed by /home/yakki/DynaSLAM_LK/Thirdparty/DBoW2/lib/libDBoW2.so, may conflict with libopencv_core.so.3.4
[1.373s] [100%] Built target stereo
[1.381s] Invoked command in '/home/yakki/DynaSLAM_LK/Examples/ROS2/build/ros2_orbslam' returned '0': CMAKE_PREFIX_PATH=${CMAKE_PREFIX_PATH}:/opt/ros/foxy CONDA_PS1_BACKUP=\[\e]0;\u@\h: \w\a\]${debian_chroot:+($debian_chroot)}\[\033[01;32m\]\u@\h\[\033[00m\]:\[\033[01;34m\]\w\[\033[00m\]\$ PS1=(fastscnn2) \[\e]0;\u@\h: \w\a\]${debian_chroot:+($debian_chroot)}\[\033[01;32m\]\u@\h\[\033[00m\]:\[\033[01;34m\]\w\[\033[00m\]\$ /usr/bin/cmake --build /home/yakki/DynaSLAM_LK/Examples/ROS2/build/ros2_orbslam -- -j8 -l8
[1.408s] Invoking command in '/home/yakki/DynaSLAM_LK/Examples/ROS2/build/ros2_orbslam': CMAKE_PREFIX_PATH=${CMAKE_PREFIX_PATH}:/opt/ros/foxy CONDA_PS1_BACKUP=\[\e]0;\u@\h: \w\a\]${debian_chroot:+($debian_chroot)}\[\033[01;32m\]\u@\h\[\033[00m\]:\[\033[01;34m\]\w\[\033[00m\]\$ PS1=(fastscnn2) \[\e]0;\u@\h: \w\a\]${debian_chroot:+($debian_chroot)}\[\033[01;32m\]\u@\h\[\033[00m\]:\[\033[01;34m\]\w\[\033[00m\]\$ /usr/bin/cmake --install /home/yakki/DynaSLAM_LK/Examples/ROS2/build/ros2_orbslam
[1.413s] -- Install configuration: ""
[1.413s] -- Installing: /home/yakki/DynaSLAM_LK/Examples/ROS2/install/ros2_orbslam/lib/ros2_orbslam/mono
[1.415s] -- Set runtime path of "/home/yakki/DynaSLAM_LK/Examples/ROS2/install/ros2_orbslam/lib/ros2_orbslam/mono" to ""
[1.415s] -- Installing: /home/yakki/DynaSLAM_LK/Examples/ROS2/install/ros2_orbslam/lib/ros2_orbslam/rgbd
[1.416s] -- Set runtime path of "/home/yakki/DynaSLAM_LK/Examples/ROS2/install/ros2_orbslam/lib/ros2_orbslam/rgbd" to ""
[1.416s] -- Installing: /home/yakki/DynaSLAM_LK/Examples/ROS2/install/ros2_orbslam/lib/ros2_orbslam/stereo
[1.418s] -- Set runtime path of "/home/yakki/DynaSLAM_LK/Examples/ROS2/install/ros2_orbslam/lib/ros2_orbslam/stereo" to ""
[1.418s] -- Installing: /home/yakki/DynaSLAM_LK/Examples/ROS2/install/ros2_orbslam/share/ament_index/resource_index/package_run_dependencies/ros2_orbslam
[1.418s] -- Installing: /home/yakki/DynaSLAM_LK/Examples/ROS2/install/ros2_orbslam/share/ament_index/resource_index/parent_prefix_path/ros2_orbslam
[1.418s] -- Installing: /home/yakki/DynaSLAM_LK/Examples/ROS2/install/ros2_orbslam/share/ros2_orbslam/environment/ament_prefix_path.sh
[1.418s] -- Installing: /home/yakki/DynaSLAM_LK/Examples/ROS2/install/ros2_orbslam/share/ros2_orbslam/environment/ament_prefix_path.dsv
[1.418s] -- Installing: /home/yakki/DynaSLAM_LK/Examples/ROS2/install/ros2_orbslam/share/ros2_orbslam/environment/path.sh
[1.418s] -- Installing: /home/yakki/DynaSLAM_LK/Examples/ROS2/install/ros2_orbslam/share/ros2_orbslam/environment/path.dsv
[1.418s] -- Installing: /home/yakki/DynaSLAM_LK/Examples/ROS2/install/ros2_orbslam/share/ros2_orbslam/local_setup.bash
[1.419s] -- Installing: /home/yakki/DynaSLAM_LK/Examples/ROS2/install/ros2_orbslam/share/ros2_orbslam/local_setup.sh
[1.419s] -- Installing: /home/yakki/DynaSLAM_LK/Examples/ROS2/install/ros2_orbslam/share/ros2_orbslam/local_setup.zsh
[1.419s] -- Installing: /home/yakki/DynaSLAM_LK/Examples/ROS2/install/ros2_orbslam/share/ros2_orbslam/local_setup.dsv
[1.419s] -- Installing: /home/yakki/DynaSLAM_LK/Examples/ROS2/install/ros2_orbslam/share/ros2_orbslam/package.dsv
[1.419s] -- Installing: /home/yakki/DynaSLAM_LK/Examples/ROS2/install/ros2_orbslam/share/ament_index/resource_index/packages/ros2_orbslam
[1.419s] -- Installing: /home/yakki/DynaSLAM_LK/Examples/ROS2/install/ros2_orbslam/share/ros2_orbslam/cmake/ros2_orbslamConfig.cmake
[1.419s] -- Installing: /home/yakki/DynaSLAM_LK/Examples/ROS2/install/ros2_orbslam/share/ros2_orbslam/cmake/ros2_orbslamConfig-version.cmake
[1.419s] -- Installing: /home/yakki/DynaSLAM_LK/Examples/ROS2/install/ros2_orbslam/share/ros2_orbslam/package.xml
[1.422s] Invoked command in '/home/yakki/DynaSLAM_LK/Examples/ROS2/build/ros2_orbslam' returned '0': CMAKE_PREFIX_PATH=${CMAKE_PREFIX_PATH}:/opt/ros/foxy CONDA_PS1_BACKUP=\[\e]0;\u@\h: \w\a\]${debian_chroot:+($debian_chroot)}\[\033[01;32m\]\u@\h\[\033[00m\]:\[\033[01;34m\]\w\[\033[00m\]\$ PS1=(fastscnn2) \[\e]0;\u@\h: \w\a\]${debian_chroot:+($debian_chroot)}\[\033[01;32m\]\u@\h\[\033[00m\]:\[\033[01;34m\]\w\[\033[00m\]\$ /usr/bin/cmake --install /home/yakki/DynaSLAM_LK/Examples/ROS2/build/ros2_orbslam
