-- Found ament_cmake: 0.9.11 (/opt/ros/foxy/share/ament_cmake/cmake)
-- Using PYTHON_EXECUTABLE: /home/yakki/anaconda3/envs/fastscnn2/bin/python3
-- Found rclcpp: 2.4.2 (/opt/ros/foxy/share/rclcpp/cmake)
-- Using all available rosidl_typesupport_c: rosidl_typesupport_fastrtps_c;rosidl_typesupport_introspection_c
-- Found rosidl_adapter: 1.3.0 (/opt/ros/foxy/share/rosidl_adapter/cmake)
-- Using all available rosidl_typesupport_cpp: rosidl_typesupport_fastrtps_cpp;rosidl_typesupport_introspection_cpp
-- Found rmw_implementation_cmake: 1.0.4 (/opt/ros/foxy/share/rmw_implementation_cmake/cmake)
-- Using RMW implementation 'rmw_fastrtps_cpp' as default
-- Found sensor_msgs: 2.0.5 (/opt/ros/foxy/share/sensor_msgs/cmake)
-- Found cv_bridge: 3.0.7 (/opt/ros/foxy/share/cv_bridge/cmake)
-- Found message_filters: 3.2.5 (/opt/ros/foxy/share/message_filters/cmake)
ORB_SLAM2
DEFAULT_MSG
ORB_SLAM2_LIBRARY
CMake Error at CMakeLists.txt:27 (target_link_libraries):
  Cannot specify link libraries for target
  "/home/yakki/anaconda3/envs/fastscnn2/lib/libpython3.8.so" which is not
  built by this project.


-- Configuring incomplete, errors occurred!
See also "/home/yakki/DynaSLAM_LK/Examples/ROS2/build/ros2_orbslam/CMakeFiles/CMakeOutput.log".
See also "/home/yakki/DynaSLAM_LK/Examples/ROS2/build/ros2_orbslam/CMakeFiles/CMakeError.log".
make: *** [Makefile:444: cmake_check_build_system] Error 1
