[0.231s] DEBUG:colcon:Command line arguments: ['/usr/bin/colcon', 'build']
[0.231s] DEBUG:colcon:Parsed command line arguments: Namespace(allow_overriding=[], ament_cmake_args=None, base_paths=['.'], build_base='build', catkin_cmake_args=None, catkin_skip_building_tests=False, cmake_args=None, cmake_clean_cache=False, cmake_clean_first=False, cmake_force_configure=False, cmake_target=None, cmake_target_skip_unavailable=False, continue_on_error=False, event_handlers=None, executor='parallel', ignore_user_meta=False, install_base='install', log_base=None, log_level=None, main=<bound method BuildVerb.main of <colcon_core.verb.build.BuildVerb object at 0x7f59cef70190>>, merge_install=False, metas=['./colcon.meta'], packages_above=None, packages_above_and_dependencies=None, packages_above_depth=None, packages_end=None, packages_ignore=None, packages_ignore_regex=None, packages_select=None, packages_select_build_failed=False, packages_select_by_dep=None, packages_select_regex=None, packages_select_test_failures=False, packages_skip=None, packages_skip_build_finished=False, packages_skip_by_dep=None, packages_skip_regex=None, packages_skip_test_passed=False, packages_skip_up_to=None, packages_start=None, packages_up_to=None, packages_up_to_regex=None, parallel_workers=8, paths=None, symlink_install=False, test_result_base=None, verb_extension=<colcon_core.verb.build.BuildVerb object at 0x7f59cef70190>, verb_name='build', verb_parser=<colcon_defaults.argument_parser.defaults.DefaultArgumentsDecorator object at 0x7f59cef706d0>)
[0.250s] Level 1:colcon.colcon_core.package_discovery:discover_packages(colcon_meta) check parameters
[0.250s] Level 1:colcon.colcon_core.package_discovery:discover_packages(recursive) check parameters
[0.250s] Level 1:colcon.colcon_core.package_discovery:discover_packages(ignore) check parameters
[0.250s] Level 1:colcon.colcon_core.package_discovery:discover_packages(path) check parameters
[0.250s] Level 1:colcon.colcon_core.package_discovery:discover_packages(colcon_meta) discover
[0.250s] Level 1:colcon.colcon_core.package_discovery:discover_packages(recursive) discover
[0.250s] INFO:colcon.colcon_core.package_discovery:Crawling recursively for packages in '/home/yakki/DynaSLAM_LK/Examples/ROS2'
[0.250s] Level 1:colcon.colcon_core.package_identification:_identify(.) by extensions ['ignore', 'ignore_ament_install']
[0.250s] Level 1:colcon.colcon_core.package_identification:_identify(.) by extension 'ignore'
[0.250s] Level 1:colcon.colcon_core.package_identification:_identify(.) by extension 'ignore_ament_install'
[0.250s] Level 1:colcon.colcon_core.package_identification:_identify(.) by extensions ['colcon_pkg']
[0.250s] Level 1:colcon.colcon_core.package_identification:_identify(.) by extension 'colcon_pkg'
[0.250s] Level 1:colcon.colcon_core.package_identification:_identify(.) by extensions ['colcon_meta']
[0.250s] Level 1:colcon.colcon_core.package_identification:_identify(.) by extension 'colcon_meta'
[0.250s] Level 1:colcon.colcon_core.package_identification:_identify(.) by extensions ['ros']
[0.250s] Level 1:colcon.colcon_core.package_identification:_identify(.) by extension 'ros'
[0.263s] Level 1:colcon.colcon_core.package_identification:_identify(.) by extensions ['cmake', 'python']
[0.263s] Level 1:colcon.colcon_core.package_identification:_identify(.) by extension 'cmake'
[0.263s] Level 1:colcon.colcon_core.package_identification:_identify(.) by extension 'python'
[0.263s] Level 1:colcon.colcon_core.package_identification:_identify(.) by extensions ['python_setup_py']
[0.263s] Level 1:colcon.colcon_core.package_identification:_identify(.) by extension 'python_setup_py'
[0.263s] Level 1:colcon.colcon_core.package_identification:_identify(build) by extensions ['ignore', 'ignore_ament_install']
[0.263s] Level 1:colcon.colcon_core.package_identification:_identify(build) by extension 'ignore'
[0.263s] Level 1:colcon.colcon_core.package_identification:_identify(build) ignored
[0.263s] Level 1:colcon.colcon_core.package_identification:_identify(install) by extensions ['ignore', 'ignore_ament_install']
[0.264s] Level 1:colcon.colcon_core.package_identification:_identify(install) by extension 'ignore'
[0.264s] Level 1:colcon.colcon_core.package_identification:_identify(install) ignored
[0.264s] Level 1:colcon.colcon_core.package_identification:_identify(log) by extensions ['ignore', 'ignore_ament_install']
[0.264s] Level 1:colcon.colcon_core.package_identification:_identify(log) by extension 'ignore'
[0.264s] Level 1:colcon.colcon_core.package_identification:_identify(log) ignored
[0.264s] Level 1:colcon.colcon_core.package_identification:_identify(src) by extensions ['ignore', 'ignore_ament_install']
[0.264s] Level 1:colcon.colcon_core.package_identification:_identify(src) by extension 'ignore'
[0.264s] Level 1:colcon.colcon_core.package_identification:_identify(src) by extension 'ignore_ament_install'
[0.264s] Level 1:colcon.colcon_core.package_identification:_identify(src) by extensions ['colcon_pkg']
[0.264s] Level 1:colcon.colcon_core.package_identification:_identify(src) by extension 'colcon_pkg'
[0.264s] Level 1:colcon.colcon_core.package_identification:_identify(src) by extensions ['colcon_meta']
[0.264s] Level 1:colcon.colcon_core.package_identification:_identify(src) by extension 'colcon_meta'
[0.264s] Level 1:colcon.colcon_core.package_identification:_identify(src) by extensions ['ros']
[0.264s] Level 1:colcon.colcon_core.package_identification:_identify(src) by extension 'ros'
[0.264s] Level 1:colcon.colcon_core.package_identification:_identify(src) by extensions ['cmake', 'python']
[0.264s] Level 1:colcon.colcon_core.package_identification:_identify(src) by extension 'cmake'
[0.264s] Level 1:colcon.colcon_core.package_identification:_identify(src) by extension 'python'
[0.264s] Level 1:colcon.colcon_core.package_identification:_identify(src) by extensions ['python_setup_py']
[0.264s] Level 1:colcon.colcon_core.package_identification:_identify(src) by extension 'python_setup_py'
[0.264s] Level 1:colcon.colcon_core.package_identification:_identify(src/ros2-ORB_SLAM2) by extensions ['ignore', 'ignore_ament_install']
[0.264s] Level 1:colcon.colcon_core.package_identification:_identify(src/ros2-ORB_SLAM2) by extension 'ignore'
[0.264s] Level 1:colcon.colcon_core.package_identification:_identify(src/ros2-ORB_SLAM2) by extension 'ignore_ament_install'
[0.264s] Level 1:colcon.colcon_core.package_identification:_identify(src/ros2-ORB_SLAM2) by extensions ['colcon_pkg']
[0.264s] Level 1:colcon.colcon_core.package_identification:_identify(src/ros2-ORB_SLAM2) by extension 'colcon_pkg'
[0.264s] Level 1:colcon.colcon_core.package_identification:_identify(src/ros2-ORB_SLAM2) by extensions ['colcon_meta']
[0.265s] Level 1:colcon.colcon_core.package_identification:_identify(src/ros2-ORB_SLAM2) by extension 'colcon_meta'
[0.265s] Level 1:colcon.colcon_core.package_identification:_identify(src/ros2-ORB_SLAM2) by extensions ['ros']
[0.265s] Level 1:colcon.colcon_core.package_identification:_identify(src/ros2-ORB_SLAM2) by extension 'ros'
[0.266s] DEBUG:colcon.colcon_core.package_identification:Package 'src/ros2-ORB_SLAM2' with type 'ros.ament_cmake' and name 'ros2_orbslam'
[0.266s] Level 1:colcon.colcon_core.package_discovery:discover_packages(recursive) using defaults
[0.266s] Level 1:colcon.colcon_core.package_discovery:discover_packages(ignore) discover
[0.266s] Level 1:colcon.colcon_core.package_discovery:discover_packages(ignore) using defaults
[0.266s] Level 1:colcon.colcon_core.package_discovery:discover_packages(path) discover
[0.266s] Level 1:colcon.colcon_core.package_discovery:discover_packages(path) using defaults
[0.280s] Level 1:colcon.colcon_core.package_discovery:discover_packages(prefix_path) check parameters
[0.280s] Level 1:colcon.colcon_core.package_discovery:discover_packages(prefix_path) discover
[0.283s] DEBUG:colcon.colcon_installed_package_information.package_discovery:Found 265 installed packages in /opt/ros/foxy
[0.284s] Level 1:colcon.colcon_core.package_discovery:discover_packages(prefix_path) using defaults
[0.332s] Level 5:colcon.colcon_core.verb:set package 'ros2_orbslam' build argument 'cmake_args' from command line to 'None'
[0.332s] Level 5:colcon.colcon_core.verb:set package 'ros2_orbslam' build argument 'cmake_target' from command line to 'None'
[0.332s] Level 5:colcon.colcon_core.verb:set package 'ros2_orbslam' build argument 'cmake_target_skip_unavailable' from command line to 'False'
[0.332s] Level 5:colcon.colcon_core.verb:set package 'ros2_orbslam' build argument 'cmake_clean_cache' from command line to 'False'
[0.332s] Level 5:colcon.colcon_core.verb:set package 'ros2_orbslam' build argument 'cmake_clean_first' from command line to 'False'
[0.332s] Level 5:colcon.colcon_core.verb:set package 'ros2_orbslam' build argument 'cmake_force_configure' from command line to 'False'
[0.332s] Level 5:colcon.colcon_core.verb:set package 'ros2_orbslam' build argument 'ament_cmake_args' from command line to 'None'
[0.333s] Level 5:colcon.colcon_core.verb:set package 'ros2_orbslam' build argument 'catkin_cmake_args' from command line to 'None'
[0.333s] Level 5:colcon.colcon_core.verb:set package 'ros2_orbslam' build argument 'catkin_skip_building_tests' from command line to 'False'
[0.333s] DEBUG:colcon.colcon_core.verb:Building package 'ros2_orbslam' with the following arguments: {'ament_cmake_args': None, 'build_base': '/home/yakki/DynaSLAM_LK/Examples/ROS2/build/ros2_orbslam', 'catkin_cmake_args': None, 'catkin_skip_building_tests': False, 'cmake_args': None, 'cmake_clean_cache': False, 'cmake_clean_first': False, 'cmake_force_configure': False, 'cmake_target': None, 'cmake_target_skip_unavailable': False, 'install_base': '/home/yakki/DynaSLAM_LK/Examples/ROS2/install/ros2_orbslam', 'merge_install': False, 'path': '/home/yakki/DynaSLAM_LK/Examples/ROS2/src/ros2-ORB_SLAM2', 'symlink_install': False, 'test_result_base': None}
[0.333s] INFO:colcon.colcon_core.executor:Executing jobs using 'parallel' executor
[0.336s] DEBUG:colcon.colcon_parallel_executor.executor.parallel:run_until_complete
[0.336s] INFO:colcon.colcon_ros.task.ament_cmake.build:Building ROS package in '/home/yakki/DynaSLAM_LK/Examples/ROS2/src/ros2-ORB_SLAM2' with build type 'ament_cmake'
[0.336s] INFO:colcon.colcon_cmake.task.cmake.build:Building CMake package in '/home/yakki/DynaSLAM_LK/Examples/ROS2/src/ros2-ORB_SLAM2'
[0.339s] INFO:colcon.colcon_core.plugin_system:Skipping extension 'colcon_core.shell.bat': Not used on non-Windows systems
[0.339s] INFO:colcon.colcon_core.shell:Skip shell extension 'powershell' for command environment: Not usable outside of PowerShell
[0.339s] DEBUG:colcon.colcon_core.shell:Skip shell extension 'dsv' for command environment
[0.347s] DEBUG:colcon.colcon_core.event_handler.log_command:Invoking command in '/home/yakki/DynaSLAM_LK/Examples/ROS2/build/ros2_orbslam': CMAKE_PREFIX_PATH=${CMAKE_PREFIX_PATH}:/opt/ros/foxy CONDA_PS1_BACKUP=\[\e]0;\u@\h: \w\a\]${debian_chroot:+($debian_chroot)}\[\033[01;32m\]\u@\h\[\033[00m\]:\[\033[01;34m\]\w\[\033[00m\]\$ PS1=(fastscnn2) \[\e]0;\u@\h: \w\a\]${debian_chroot:+($debian_chroot)}\[\033[01;32m\]\u@\h\[\033[00m\]:\[\033[01;34m\]\w\[\033[00m\]\$ /usr/bin/cmake /home/yakki/DynaSLAM_LK/Examples/ROS2/src/ros2-ORB_SLAM2 -DCMAKE_INSTALL_PREFIX=/home/yakki/DynaSLAM_LK/Examples/ROS2/install/ros2_orbslam
[0.960s] DEBUG:colcon.colcon_core.event_handler.log_command:Invoked command in '/home/yakki/DynaSLAM_LK/Examples/ROS2/build/ros2_orbslam' returned '0': CMAKE_PREFIX_PATH=${CMAKE_PREFIX_PATH}:/opt/ros/foxy CONDA_PS1_BACKUP=\[\e]0;\u@\h: \w\a\]${debian_chroot:+($debian_chroot)}\[\033[01;32m\]\u@\h\[\033[00m\]:\[\033[01;34m\]\w\[\033[00m\]\$ PS1=(fastscnn2) \[\e]0;\u@\h: \w\a\]${debian_chroot:+($debian_chroot)}\[\033[01;32m\]\u@\h\[\033[00m\]:\[\033[01;34m\]\w\[\033[00m\]\$ /usr/bin/cmake /home/yakki/DynaSLAM_LK/Examples/ROS2/src/ros2-ORB_SLAM2 -DCMAKE_INSTALL_PREFIX=/home/yakki/DynaSLAM_LK/Examples/ROS2/install/ros2_orbslam
[0.962s] DEBUG:colcon.colcon_core.event_handler.log_command:Invoking command in '/home/yakki/DynaSLAM_LK/Examples/ROS2/build/ros2_orbslam': CMAKE_PREFIX_PATH=${CMAKE_PREFIX_PATH}:/opt/ros/foxy CONDA_PS1_BACKUP=\[\e]0;\u@\h: \w\a\]${debian_chroot:+($debian_chroot)}\[\033[01;32m\]\u@\h\[\033[00m\]:\[\033[01;34m\]\w\[\033[00m\]\$ PS1=(fastscnn2) \[\e]0;\u@\h: \w\a\]${debian_chroot:+($debian_chroot)}\[\033[01;32m\]\u@\h\[\033[00m\]:\[\033[01;34m\]\w\[\033[00m\]\$ /usr/bin/cmake --build /home/yakki/DynaSLAM_LK/Examples/ROS2/build/ros2_orbslam -- -j8 -l8
[13.800s] DEBUG:colcon.colcon_core.event_handler.log_command:Invoked command in '/home/yakki/DynaSLAM_LK/Examples/ROS2/build/ros2_orbslam' returned '2': CMAKE_PREFIX_PATH=${CMAKE_PREFIX_PATH}:/opt/ros/foxy CONDA_PS1_BACKUP=\[\e]0;\u@\h: \w\a\]${debian_chroot:+($debian_chroot)}\[\033[01;32m\]\u@\h\[\033[00m\]:\[\033[01;34m\]\w\[\033[00m\]\$ PS1=(fastscnn2) \[\e]0;\u@\h: \w\a\]${debian_chroot:+($debian_chroot)}\[\033[01;32m\]\u@\h\[\033[00m\]:\[\033[01;34m\]\w\[\033[00m\]\$ /usr/bin/cmake --build /home/yakki/DynaSLAM_LK/Examples/ROS2/build/ros2_orbslam -- -j8 -l8
[13.822s] Level 1:colcon.colcon_core.environment:create_environment_scripts_only(ros2_orbslam)
[13.826s] Level 1:colcon.colcon_core.environment:checking '/home/yakki/DynaSLAM_LK/Examples/ROS2/install/ros2_orbslam' for CMake module files
[13.826s] Level 1:colcon.colcon_core.environment:checking '/home/yakki/DynaSLAM_LK/Examples/ROS2/install/ros2_orbslam' for CMake config files
[13.826s] Level 1:colcon.colcon_core.environment:checking '/home/yakki/DynaSLAM_LK/Examples/ROS2/install/ros2_orbslam/bin'
[13.826s] Level 1:colcon.colcon_core.environment:checking '/home/yakki/DynaSLAM_LK/Examples/ROS2/install/ros2_orbslam/lib/pkgconfig/ros2_orbslam.pc'
[13.827s] Level 1:colcon.colcon_core.environment:checking '/home/yakki/DynaSLAM_LK/Examples/ROS2/install/ros2_orbslam/lib/python3.8/site-packages'
[13.827s] Level 1:colcon.colcon_core.environment:checking '/home/yakki/DynaSLAM_LK/Examples/ROS2/install/ros2_orbslam/bin'
[13.828s] INFO:colcon.colcon_core.shell:Creating package script '/home/yakki/DynaSLAM_LK/Examples/ROS2/install/ros2_orbslam/share/ros2_orbslam/package.ps1'
[13.828s] INFO:colcon.colcon_core.shell:Creating package descriptor '/home/yakki/DynaSLAM_LK/Examples/ROS2/install/ros2_orbslam/share/ros2_orbslam/package.dsv'
[13.829s] INFO:colcon.colcon_core.shell:Creating package script '/home/yakki/DynaSLAM_LK/Examples/ROS2/install/ros2_orbslam/share/ros2_orbslam/package.sh'
[13.829s] INFO:colcon.colcon_core.shell:Creating package script '/home/yakki/DynaSLAM_LK/Examples/ROS2/install/ros2_orbslam/share/ros2_orbslam/package.bash'
[13.830s] INFO:colcon.colcon_core.shell:Creating package script '/home/yakki/DynaSLAM_LK/Examples/ROS2/install/ros2_orbslam/share/ros2_orbslam/package.zsh'
[13.830s] Level 1:colcon.colcon_core.environment:create_file_with_runtime_dependencies(/home/yakki/DynaSLAM_LK/Examples/ROS2/install/ros2_orbslam/share/colcon-core/packages/ros2_orbslam)
[13.840s] DEBUG:colcon.colcon_parallel_executor.executor.parallel:closing loop
[13.841s] DEBUG:colcon.colcon_parallel_executor.executor.parallel:loop closed
[13.841s] DEBUG:colcon.colcon_parallel_executor.executor.parallel:run_until_complete finished with '2'
[13.841s] DEBUG:colcon.colcon_core.event_reactor:joining thread
[13.851s] INFO:colcon.colcon_core.plugin_system:Skipping extension 'colcon_notification.desktop_notification.terminal_notifier': Not used on non-Darwin systems
[13.851s] INFO:colcon.colcon_core.plugin_system:Skipping extension 'colcon_notification.desktop_notification.win32': Not used on non-Windows systems
[13.851s] INFO:colcon.colcon_notification.desktop_notification:Sending desktop notification using 'notify2'
[13.862s] DEBUG:colcon.colcon_core.event_reactor:joined thread
[13.863s] INFO:colcon.colcon_core.shell:Creating prefix script '/home/yakki/DynaSLAM_LK/Examples/ROS2/install/local_setup.ps1'
[13.864s] INFO:colcon.colcon_core.shell:Creating prefix util module '/home/yakki/DynaSLAM_LK/Examples/ROS2/install/_local_setup_util_ps1.py'
[13.865s] INFO:colcon.colcon_core.shell:Creating prefix chain script '/home/yakki/DynaSLAM_LK/Examples/ROS2/install/setup.ps1'
[13.866s] INFO:colcon.colcon_core.shell:Creating prefix script '/home/yakki/DynaSLAM_LK/Examples/ROS2/install/local_setup.sh'
[13.867s] INFO:colcon.colcon_core.shell:Creating prefix util module '/home/yakki/DynaSLAM_LK/Examples/ROS2/install/_local_setup_util_sh.py'
[13.867s] INFO:colcon.colcon_core.shell:Creating prefix chain script '/home/yakki/DynaSLAM_LK/Examples/ROS2/install/setup.sh'
[13.868s] INFO:colcon.colcon_core.shell:Creating prefix script '/home/yakki/DynaSLAM_LK/Examples/ROS2/install/local_setup.bash'
[13.868s] INFO:colcon.colcon_core.shell:Creating prefix chain script '/home/yakki/DynaSLAM_LK/Examples/ROS2/install/setup.bash'
[13.869s] INFO:colcon.colcon_core.shell:Creating prefix script '/home/yakki/DynaSLAM_LK/Examples/ROS2/install/local_setup.zsh'
[13.870s] INFO:colcon.colcon_core.shell:Creating prefix chain script '/home/yakki/DynaSLAM_LK/Examples/ROS2/install/setup.zsh'
