[0.010s] Invoking command in '/home/yakki/DynaSLAM_LK/Examples/ROS2/build/ros2_orbslam': CMAKE_PREFIX_PATH=${CMAKE_PREFIX_PATH}:/opt/ros/foxy CONDA_PS1_BACKUP=\[\e]0;\u@\h: \w\a\]${debian_chroot:+($debian_chroot)}\[\033[01;32m\]\u@\h\[\033[00m\]:\[\033[01;34m\]\w\[\033[00m\]\$ PS1=(fastscnn2) \[\e]0;\u@\h: \w\a\]${debian_chroot:+($debian_chroot)}\[\033[01;32m\]\u@\h\[\033[00m\]:\[\033[01;34m\]\w\[\033[00m\]\$ /usr/bin/cmake /home/yakki/DynaSLAM_LK/Examples/ROS2/src/ros2-ORB_SLAM2 -DCMAKE_INSTALL_PREFIX=/home/yakki/DynaSLAM_LK/Examples/ROS2/install/ros2_orbslam
[0.098s] -- The C compiler identification is GNU 9.4.0
[0.138s] -- The CXX compiler identification is GNU 9.4.0
[0.142s] -- Check for working C compiler: /usr/bin/cc
[0.198s] -- Check for working C compiler: /usr/bin/cc -- works
[0.199s] -- Detecting C compiler ABI info
[0.257s] -- Detecting C compiler ABI info - done
[0.268s] -- Detecting C compile features
[0.269s] -- Detecting C compile features - done
[0.271s] -- Check for working CXX compiler: /usr/bin/c++
[0.338s] -- Check for working CXX compiler: /usr/bin/c++ -- works
[0.339s] -- Detecting CXX compiler ABI info
[0.399s] -- Detecting CXX compiler ABI info - done
[0.408s] -- Detecting CXX compile features
[0.409s] -- Detecting CXX compile features - done
[0.410s] -- Found ament_cmake: 0.9.11 (/opt/ros/foxy/share/ament_cmake/cmake)
[0.430s] -- Found PythonInterp: /home/yakki/anaconda3/envs/fastscnn2/bin/python3 (found suitable version "3.8.13", minimum required is "3") 
[0.430s] -- Using PYTHON_EXECUTABLE: /home/yakki/anaconda3/envs/fastscnn2/bin/python3
[0.568s] -- Found rclcpp: 2.4.2 (/opt/ros/foxy/share/rclcpp/cmake)
[0.602s] -- Using all available rosidl_typesupport_c: rosidl_typesupport_fastrtps_c;rosidl_typesupport_introspection_c
[0.607s] -- Found rosidl_adapter: 1.3.0 (/opt/ros/foxy/share/rosidl_adapter/cmake)
[0.663s] -- Found OpenSSL: /usr/lib/x86_64-linux-gnu/libcrypto.so (found version "1.1.1f")  
[0.684s] -- Found FastRTPS: /opt/ros/foxy/include  
[0.744s] -- Using all available rosidl_typesupport_cpp: rosidl_typesupport_fastrtps_cpp;rosidl_typesupport_introspection_cpp
[0.788s] -- Found rmw_implementation_cmake: 1.0.4 (/opt/ros/foxy/share/rmw_implementation_cmake/cmake)
[0.789s] -- Using RMW implementation 'rmw_fastrtps_cpp' as default
[0.790s] -- Looking for pthread.h
[0.839s] -- Looking for pthread.h - found
[0.839s] -- Performing Test CMAKE_HAVE_LIBC_PTHREAD
[0.891s] -- Performing Test CMAKE_HAVE_LIBC_PTHREAD - Failed
[0.891s] -- Looking for pthread_create in pthreads
[0.938s] -- Looking for pthread_create in pthreads - not found
[0.939s] -- Looking for pthread_create in pthread
[0.992s] -- Looking for pthread_create in pthread - found
[0.993s] -- Found Threads: TRUE  
[1.120s] -- Found sensor_msgs: 2.0.5 (/opt/ros/foxy/share/sensor_msgs/cmake)
[1.214s] -- Found cv_bridge: 3.0.7 (/opt/ros/foxy/share/cv_bridge/cmake)
[1.230s] -- Found message_filters: 3.2.5 (/opt/ros/foxy/share/message_filters/cmake)
[1.238s] ORB_SLAM2
[1.238s] DEFAULT_MSG
[1.238s] ORB_SLAM2_LIBRARY
[1.239s] -- Found ORB_SLAM2: /home/yakki/DynaSLAM_LK/lib/libDynaSLAM.so  
[1.268s] Traceback (most recent call last):
[1.268s]   File "/opt/ros/foxy/share/ament_cmake_core/cmake/core/package_xml_2_cmake.py", line 21, in <module>
[1.268s]     from catkin_pkg.package import parse_package_string
[1.268s] ModuleNotFoundError: No module named 'catkin_pkg'
[1.270s] CMake Error at /opt/ros/foxy/share/ament_cmake_core/cmake/core/ament_package_xml.cmake:94 (message):
[1.270s]   execute_process(/home/yakki/anaconda3/envs/fastscnn2/bin/python3
[1.270s]   /opt/ros/foxy/share/ament_cmake_core/cmake/core/package_xml_2_cmake.py
[1.270s]   /home/yakki/DynaSLAM_LK/Examples/ROS2/src/ros2-ORB_SLAM2/package.xml
[1.270s]   /home/yakki/DynaSLAM_LK/Examples/ROS2/build/ros2_orbslam/ament_cmake_core/package.cmake)
[1.270s]   returned error code 1
[1.270s] Call Stack (most recent call first):
[1.270s]   /opt/ros/foxy/share/ament_cmake_core/cmake/core/ament_package_xml.cmake:49 (_ament_package_xml)
[1.270s]   /opt/ros/foxy/share/ament_cmake_core/cmake/core/ament_package.cmake:63 (ament_package_xml)
[1.270s]   CMakeLists.txt:41 (ament_package)
[1.271s] 
[1.271s] 
[1.271s] -- Configuring incomplete, errors occurred!
[1.271s] See also "/home/yakki/DynaSLAM_LK/Examples/ROS2/build/ros2_orbslam/CMakeFiles/CMakeOutput.log".
[1.271s] See also "/home/yakki/DynaSLAM_LK/Examples/ROS2/build/ros2_orbslam/CMakeFiles/CMakeError.log".
[1.277s] Invoked command in '/home/yakki/DynaSLAM_LK/Examples/ROS2/build/ros2_orbslam' returned '1': CMAKE_PREFIX_PATH=${CMAKE_PREFIX_PATH}:/opt/ros/foxy CONDA_PS1_BACKUP=\[\e]0;\u@\h: \w\a\]${debian_chroot:+($debian_chroot)}\[\033[01;32m\]\u@\h\[\033[00m\]:\[\033[01;34m\]\w\[\033[00m\]\$ PS1=(fastscnn2) \[\e]0;\u@\h: \w\a\]${debian_chroot:+($debian_chroot)}\[\033[01;32m\]\u@\h\[\033[00m\]:\[\033[01;34m\]\w\[\033[00m\]\$ /usr/bin/cmake /home/yakki/DynaSLAM_LK/Examples/ROS2/src/ros2-ORB_SLAM2 -DCMAKE_INSTALL_PREFIX=/home/yakki/DynaSLAM_LK/Examples/ROS2/install/ros2_orbslam
